<?xml version="1.0" encoding="UTF-8"?>
<robot generator="Robot 7.4.2 (Python 3.14.3 on win32)" generated="2026-06-04T20:22:17.337665" rpa="false" schemaversion="5">
<suite id="s1" name="Login Tests Individual" source="C:\Users\prisc\OneDrive\Desktop\UI - 1\login_tests_individual.robot">
<test id="s1-t1" name="CTUI01 - Login bem-sucedido" line="14">
<kw name="Dado que o usuário está na página de login do Lake Lounge Club">
<kw name="Open Browser" owner="SeleniumLibrary">
<msg time="2026-06-04T20:22:17.622216" level="INFO">Opening browser 'chrome' to base url 'http://localhost:3000'.</msg>
<arg>${URL}</arg>
<arg>${BROWSER}</arg>
<doc>Opens a new browser instance to the optional ``url``.</doc>
<status status="PASS" start="2026-06-04T20:22:17.621927" elapsed="2.561113"/>
</kw>
<kw name="Maximize Browser Window" owner="SeleniumLibrary">
<doc>Maximizes current browser window.</doc>
<status status="PASS" start="2026-06-04T20:22:20.183504" elapsed="0.030460"/>
</kw>
<kw name="Set Selenium Speed" owner="SeleniumLibrary">
<arg>${VELOCIDADE}</arg>
<doc>Sets the delay that is waited after each Selenium command.</doc>
<status status="PASS" start="2026-06-04T20:22:20.214475" elapsed="0.001215"/>
</kw>
<kw name="Wait Until Element Is Visible" owner="SeleniumLibrary">
<arg>id=btnEntrar</arg>
<arg>50s</arg>
<doc>Waits until the element ``locator`` is visible.</doc>
<status status="PASS" start="2026-06-04T20:22:20.215922" elapsed="1.040299"/>
</kw>
<status status="PASS" start="2026-06-04T20:22:17.621277" elapsed="3.635181"/>
</kw>
<kw name="Quando ele preenche o e-mail &quot;carlos@email.com&quot; e a senha &quot;123&quot;" source_name="Quando ele preenche o e-mail &quot;${email}&quot; e a senha &quot;${senha}&quot;">
<kw name="Input Text" owner="SeleniumLibrary">
<msg time="2026-06-04T20:22:21.258134" level="INFO">Typing text 'carlos@email.com' into text field 'xpath=//input[@type='email' or @name='email']'.</msg>
<arg>xpath=//input[@type='email' or @name='email']</arg>
<arg>${email}</arg>
<doc>Types the given ``text`` into the text field identified by ``locator``.</doc>
<status status="PASS" start="2026-06-04T20:22:21.257690" elapsed="1.667217"/>
</kw>
<kw name="Input Text" owner="SeleniumLibrary">
<msg time="2026-06-04T20:22:22.925947" level="INFO">Typing text '123' into text field 'xpath=//input[@type='password' or @name='senha']'.</msg>
<arg>xpath=//input[@type='password' or @name='senha']</arg>
<arg>${senha}</arg>
<doc>Types the given ``text`` into the text field identified by ``locator``.</doc>
<status status="PASS" start="2026-06-04T20:22:22.925306" elapsed="1.653109"/>
</kw>
<status status="PASS" start="2026-06-04T20:22:21.257101" elapsed="3.321598"/>
</kw>
<kw name="E clica no botão para entrar">
<kw name="Wait Until Element Is Enabled" owner="SeleniumLibrary">
<arg>id=btnEntrar</arg>
<arg>20s</arg>
<doc>Waits until the element ``locator`` is enabled.</doc>
<status status="PASS" start="2026-06-04T20:22:24.580126" elapsed="1.540830"/>
</kw>
<kw name="Click Element" owner="SeleniumLibrary">
<msg time="2026-06-04T20:22:26.122047" level="INFO">Clicking element 'id=btnEntrar'.</msg>
<arg>id=btnEntrar</arg>
<doc>Click the element identified by ``locator``.</doc>
<status status="PASS" start="2026-06-04T20:22:26.121499" elapsed="1.108513"/>
</kw>
<status status="PASS" start="2026-06-04T20:22:24.579445" elapsed="2.650823"/>
</kw>
<kw name="Então o sistema deve exibir um mensagem Login realizado com sucesso">
<kw name="Wait Until Page Contains" owner="SeleniumLibrary">
<arg>Login realizado com sucesso</arg>
<arg>20s</arg>
<doc>Waits until ``text`` appears on the current page.</doc>
<status status="PASS" start="2026-06-04T20:22:27.231385" elapsed="0.520275"/>
</kw>
<status status="PASS" start="2026-06-04T20:22:27.230860" elapsed="0.521001"/>
</kw>
<status status="PASS" start="2026-06-04T20:22:17.620651" elapsed="10.131656"/>
</test>
<kw name="Close All Browsers" owner="SeleniumLibrary" type="TEARDOWN">
<doc>Closes all open browsers and resets the browser cache.</doc>
<status status="PASS" start="2026-06-04T20:22:27.753332" elapsed="2.679700"/>
</kw>
<doc>Script Individual de Testes de Interface (UI) para a Tela de Login do Lake Lounge Club.</doc>
<status status="PASS" start="2026-06-04T20:22:17.341324" elapsed="13.091844"/>
</suite>
<statistics>
<total>
<stat pass="1" fail="0" skip="0">All Tests</stat>
</total>
<tag>
</tag>
<suite>
<stat name="Login Tests Individual" id="s1" pass="1" fail="0" skip="0">Login Tests Individual</stat>
</suite>
</statistics>
<errors>
</errors>
</robot>
